2026-06-01 11:37:04,515 INFO: 
                ____                _       _____  ____
               / __ ) ____ _ _____ (_)_____/ ___/ / __ \
              / __  |/ __ `// ___// // ___/\__ \ / /_/ /
             / /_/ // /_/ /(__  )/ // /__ ___/ // _, _/
            /_____/ \__,_//____//_/ \___//____//_/ |_|
     ______                   __   __                 __      __
    / ____/____   ____   ____/ /  / /   __  __ _____ / /__   / /
   / / __ / __ \ / __ \ / __  /  / /   / / / // ___// //_/  / /
  / /_/ // /_/ // /_/ // /_/ /  / /___/ /_/ // /__ / /<    /_/
  \____/ \____/ \____/ \____/  /_____/\____/ \___//_/|_|  (_)
    
Version Information: 
	BasicSR: 1.4.2
	PyTorch: 2.13.0.dev20260513+cu132
	TorchVision: 0.28.0.dev20260514+cu132
2026-06-01 11:37:04,515 INFO: 
  name: train_DRCT_baseline_x4
  model_type: DRCTModel
  scale: 4
  num_gpu: 1
  manual_seed: 0
  datasets:[
    train:[
      name: DF2K
      type: PairedImageDataset
      dataroot_gt: /data/home/namlh/data/dataset/train/HR_sub
      dataroot_lq: /data/home/namlh/data/dataset/train/LR_all_sub
      io_backend:[
        type: disk
      ]
      gt_size: 256
      use_hflip: True
      use_rot: True
      use_shuffle: True
      num_worker_per_gpu: 6
      batch_size_per_gpu: 4
      dataset_enlarge_ratio: 1
      prefetch_mode: None
      phase: train
      scale: 4
    ]
    val_1:[
      name: RealSR_Canon
      type: PairedImageDataset
      dataroot_gt: /data/home/namlh/data/benchmark_datasets/RealSR(V3)/Canon/HR
      dataroot_lq: /data/home/namlh/data/benchmark_datasets/RealSR(V3)/Canon/LR
      io_backend:[
        type: disk
      ]
      phase: val
      scale: 4
    ]
    val_2:[
      name: RealSR_Nikon
      type: PairedImageDataset
      dataroot_gt: /data/home/namlh/data/benchmark_datasets/RealSR(V3)/Nikon/HR
      dataroot_lq: /data/home/namlh/data/benchmark_datasets/RealSR(V3)/Nikon/LR
      io_backend:[
        type: disk
      ]
      phase: val
      scale: 4
    ]
    val_3:[
      name: Set5
      type: PairedImageDataset
      dataroot_gt: /data/home/namlh/data/benchmark_datasets/Set5/Set5/GTmod12
      dataroot_lq: /data/home/namlh/data/benchmark_datasets/Set5/Set5/LRbicx4
      io_backend:[
        type: disk
      ]
      phase: val
      scale: 4
    ]
  ]
  network_g:[
    type: DRCT
    upscale: 4
    in_chans: 3
    img_size: 64
    window_size: 16
    compress_ratio: 3
    squeeze_factor: 30
    conv_scale: 0.01
    overlap_ratio: 0.5
    img_range: 1.0
    depths: [6, 6, 6, 6, 6, 6]
    embed_dim: 180
    num_heads: [6, 6, 6, 6, 6, 6]
    mlp_ratio: 2
    upsampler: pixelshuffle
    resi_connection: 1conv
    use_sft: False
    mae_checkpoint: None
  ]
  path:[
    pretrain_network_g: /data/home/namlh/DLEnhance_ImageQuality/DRCT/experiments/train_DRCT_baseline_x4/models/net_g_200000.pth
    strict_load_g: False
    resume_state: experiments/train_DRCT_baseline_x4/training_states/200000.state
    experiments_root: /data/home/namlh/DLEnhance_ImageQuality/DRCT/experiments/train_DRCT_baseline_x4
    models: /data/home/namlh/DLEnhance_ImageQuality/DRCT/experiments/train_DRCT_baseline_x4/models
    training_states: /data/home/namlh/DLEnhance_ImageQuality/DRCT/experiments/train_DRCT_baseline_x4/training_states
    log: /data/home/namlh/DLEnhance_ImageQuality/DRCT/experiments/train_DRCT_baseline_x4
    visualization: /data/home/namlh/DLEnhance_ImageQuality/DRCT/experiments/train_DRCT_baseline_x4/visualization
  ]
  train:[
    ema_decay: 0.999
    optim_g:[
      type: Adam
      lr: 0.0002
      weight_decay: 0
      betas: [0.9, 0.99]
    ]
    scheduler:[
      type: MultiStepLR
      milestones: [250000, 400000, 450000, 475000]
      gamma: 0.5
    ]
    total_iter: 300000
    warmup_iter: -1
    pixel_opt:[
      type: L1Loss
      loss_weight: 1.0
      reduction: mean
    ]
    perceptual_opt:[
      type: PerceptualLoss
      layer_weights:[
        conv3_4: 1.0
        conv4_4: 1.0
        conv5_4: 1.0
      ]
      vgg_type: vgg19
      use_input_norm: True
      perceptual_weight: 0.01
      style_weight: 0
      range_norm: False
      criterion: l1
    ]
  ]
  val:[
    val_freq: 5000.0
    save_img: True
    pbar: False
    metrics:[
      psnr:[
        type: calculate_psnr
        crop_border: 3
        test_y_channel: True
        better: higher
      ]
      ssim:[
        type: calculate_ssim
        crop_border: 3
        test_y_channel: True
        better: higher
      ]
    ]
  ]
  logger:[
    print_freq: 100
    save_checkpoint_freq: 5000.0
    use_tb_logger: True
    wandb:[
      project: None
      resume_id: None
    ]
  ]
  dist_params:[
    backend: nccl
    port: 29500
  ]
  dist: False
  rank: 0
  world_size: 1
  auto_resume: True
  is_train: True
  root_path: /data/home/namlh/DLEnhance_ImageQuality/DRCT

