2026-06-18 14:38:14,224 INFO: 
                ____                _       _____  ____
               / __ ) ____ _ _____ (_)_____/ ___/ / __ \
              / __  |/ __ `// ___// // ___/\__ \ / /_/ /
             / /_/ // /_/ /(__  )/ // /__ ___/ // _, _/
            /_____/ \__,_//____//_/ \___//____//_/ |_|
     ______                   __   __                 __      __
    / ____/____   ____   ____/ /  / /   __  __ _____ / /__   / /
   / / __ / __ \ / __ \ / __  /  / /   / / / // ___// //_/  / /
  / /_/ // /_/ // /_/ // /_/ /  / /___/ /_/ // /__ / /<    /_/
  \____/ \____/ \____/ \____/  /_____/\____/ \___//_/|_|  (_)
    
Version Information: 
	BasicSR: 1.4.2
	PyTorch: 2.13.0.dev20260513+cu132
	TorchVision: 0.28.0.dev20260514+cu132
2026-06-18 14:38:14,225 INFO: 
  name: train_DRCT_baseline_bicubic_x4
  model_type: DRCTModel
  scale: 4
  num_gpu: 1
  manual_seed: 0
  datasets:[
    train:[
      name: DF2K
      type: PairedImageDataset
      dataroot_gt: /data/home/namlh/data/dataset/train/DF2K/HR
      dataroot_lq: /data/home/namlh/data/dataset/train/DF2K/LR_bicubic_X4
      io_backend:[
        type: disk
      ]
      gt_size: 256
      use_hflip: True
      use_rot: True
      use_shuffle: True
      num_worker_per_gpu: 6
      batch_size_per_gpu: 4
      dataset_enlarge_ratio: 1
      prefetch_mode: None
      phase: train
      scale: 4
    ]
    val_1:[
      name: Set5
      type: PairedImageDataset
      dataroot_gt: /data/home/namlh/data/benchmark_datasets/Set5/Set5/GTmod12
      dataroot_lq: /data/home/namlh/data/benchmark_datasets/Set5/Set5/LRbicx4
      io_backend:[
        type: disk
      ]
      phase: val
      scale: 4
    ]
    val_2:[
      name: Set14
      type: PairedImageDataset
      dataroot_gt: /data/home/namlh/data/benchmark_datasets/Set14/Set14/GTmod12
      dataroot_lq: /data/home/namlh/data/benchmark_datasets/Set14/Set14/LRbicx4
      io_backend:[
        type: disk
      ]
      phase: val
      scale: 4
    ]
  ]
  network_g:[
    type: DRCT
    upscale: 4
    in_chans: 3
    img_size: 64
    window_size: 16
    compress_ratio: 3
    squeeze_factor: 30
    conv_scale: 0.01
    overlap_ratio: 0.5
    img_range: 1.0
    depths: [6, 6, 6, 6, 6, 6]
    embed_dim: 180
    num_heads: [6, 6, 6, 6, 6, 6]
    mlp_ratio: 2
    upsampler: pixelshuffle
    resi_connection: 1conv
    use_sft: False
    mae_checkpoint: None
  ]
  path:[
    pretrain_network_g: None
    strict_load_g: False
    resume_state: None
    experiments_root: /data/home/namlh/DLEnhance_ImageQuality/DRCT/experiments/train_DRCT_baseline_bicubic_x4
    models: /data/home/namlh/DLEnhance_ImageQuality/DRCT/experiments/train_DRCT_baseline_bicubic_x4/models
    training_states: /data/home/namlh/DLEnhance_ImageQuality/DRCT/experiments/train_DRCT_baseline_bicubic_x4/training_states
    log: /data/home/namlh/DLEnhance_ImageQuality/DRCT/experiments/train_DRCT_baseline_bicubic_x4
    visualization: /data/home/namlh/DLEnhance_ImageQuality/DRCT/experiments/train_DRCT_baseline_bicubic_x4/visualization
  ]
  train:[
    ema_decay: 0.999
    optim_g:[
      type: Adam
      lr: 0.0002
      weight_decay: 0
      betas: [0.9, 0.99]
    ]
    scheduler:[
      type: MultiStepLR
      milestones: [250000, 400000, 450000, 475000]
      gamma: 0.5
    ]
    total_iter: 500000
    warmup_iter: -1
    pixel_opt:[
      type: L1Loss
      loss_weight: 1.0
      reduction: mean
    ]
    perceptual_opt:[
      type: PerceptualLoss
      layer_weights:[
        conv3_4: 1.0
        conv4_4: 1.0
        conv5_4: 1.0
      ]
      vgg_type: vgg19
      use_input_norm: True
      perceptual_weight: 0.01
      style_weight: 0
      range_norm: False
      criterion: l1
    ]
  ]
  val:[
    val_freq: 5000.0
    save_img: True
    pbar: False
    metrics:[
      psnr:[
        type: calculate_psnr
        crop_border: 4
        test_y_channel: True
        better: higher
      ]
      ssim:[
        type: calculate_ssim
        crop_border: 4
        test_y_channel: True
        better: higher
      ]
    ]
  ]
  logger:[
    print_freq: 100
    save_checkpoint_freq: 5000.0
    use_tb_logger: True
    wandb:[
      project: None
      resume_id: None
    ]
  ]
  dist_params:[
    backend: nccl
    port: 29500
  ]
  dist: False
  rank: 0
  world_size: 1
  auto_resume: False
  is_train: True
  root_path: /data/home/namlh/DLEnhance_ImageQuality/DRCT

2026-06-18 14:38:14,676 INFO: Dataset [PairedImageDataset] - DF2K is built.
2026-06-18 14:38:14,676 INFO: Training statistics:
	Number of train images: 3450
	Dataset enlarge ratio: 1
	Batch size per gpu: 4
	World size (gpu number): 1
	Require iter number per epoch: 863
	Total epochs: 580; iters: 500000.
2026-06-18 14:38:14,676 INFO: Dataset [PairedImageDataset] - Set5 is built.
2026-06-18 14:38:14,677 INFO: Number of val images/folders in Set5: 5
2026-06-18 14:38:14,677 INFO: Dataset [PairedImageDataset] - Set14 is built.
2026-06-18 14:38:14,677 INFO: Number of val images/folders in Set14: 14
2026-06-18 14:38:15,242 INFO: Network [DRCT] is created.
2026-06-18 14:38:15,807 INFO: Network: DRCT, with parameters: 14,139,579
2026-06-18 14:38:15,807 INFO: DRCT(
  (conv_first): Conv2d(3, 180, kernel_size=(3, 3), stride=(1, 1), padding=(1, 1))
  (patch_embed): PatchEmbed(
    (norm): LayerNorm((180,), eps=1e-05, elementwise_affine=True, bias=True)
  )
  (patch_unembed): PatchUnEmbed()
  (pos_drop): Dropout(p=0.0, inplace=False)
  (layers): ModuleList(
    (0): RDG(
      (swin1): SwinTransformerBlock(
        dim=180, input_resolution=(64, 64), num_heads=6, window_size=16, shift_size=0, mlp_ratio=2
        (norm1): LayerNorm((180,), eps=1e-05, elementwise_affine=True, bias=True)
        (attn): WindowAttention(
          dim=180, window_size=(16, 16), num_heads=6
          (qkv): Linear(in_features=180, out_features=540, bias=True)
          (attn_drop): Dropout(p=0.0, inplace=False)
          (proj): Linear(in_features=180, out_features=180, bias=True)
          (proj_drop): Dropout(p=0.0, inplace=False)
          (softmax): Softmax(dim=-1)
        )
        (drop_path): Identity()
        (norm2): LayerNorm((180,), eps=1e-05, elementwise_affine=True, bias=True)
        (mlp): Mlp(
          (fc1): Linear(in_features=180, out_features=360, bias=True)
          (act): GELU(approximate='none')
          (fc2): Linear(in_features=360, out_features=180, bias=True)
          (drop): Dropout(p=0.0, inplace=False)
        )
      )
      (adjust1): Conv2d(180, 32, kernel_size=(1, 1), stride=(1, 1))
      (swin2): SwinTransformerBlock(
        dim=212, input_resolution=(64, 64), num_heads=4, window_size=16, shift_size=8, mlp_ratio=2
        (norm1): LayerNorm((212,), eps=1e-05, elementwise_affine=True, bias=True)
        (attn): WindowAttention(
          dim=212, window_size=(16, 16), num_heads=4
          (qkv): Linear(in_features=212, out_features=636, bias=True)
          (attn_drop): Dropout(p=0.0, inplace=False)
          (proj): Linear(in_features=212, out_features=212, bias=True)
          (proj_drop): Dropout(p=0.0, inplace=False)
          (softmax): Softmax(dim=-1)
        )
        (drop_path): Identity()
        (norm2): LayerNorm((212,), eps=1e-05, elementwise_affine=True, bias=True)
        (mlp): Mlp(
          (fc1): Linear(in_features=212, out_features=424, bias=True)
          (act): GELU(approximate='none')
          (fc2): Linear(in_features=424, out_features=212, bias=True)
          (drop): Dropout(p=0.0, inplace=False)
        )
      )
      (adjust2): Conv2d(212, 32, kernel_size=(1, 1), stride=(1, 1))
      (swin3): SwinTransformerBlock(
        dim=244, input_resolution=(64, 64), num_heads=2, window_size=16, shift_size=0, mlp_ratio=2
        (norm1): LayerNorm((244,), eps=1e-05, elementwise_affine=True, bias=True)
        (attn): WindowAttention(
          dim=244, window_size=(16, 16), num_heads=2
          (qkv): Linear(in_features=244, out_features=732, bias=True)
          (attn_drop): Dropout(p=0.0, inplace=False)
          (proj): Linear(in_features=244, out_features=244, bias=True)
          (proj_drop): Dropout(p=0.0, inplace=False)
          (softmax): Softmax(dim=-1)
        )
        (drop_path): Identity()
        (norm2): LayerNorm((244,), eps=1e-05, elementwise_affine=True, bias=True)
        (mlp): Mlp(
          (fc1): Linear(in_features=244, out_features=488, bias=True)
          (act): GELU(approximate='none')
          (fc2): Linear(in_features=488, out_features=244, bias=True)
          (drop): Dropout(p=0.0, inplace=False)
        )
      )
      (adjust3): Conv2d(244, 32, kernel_size=(1, 1), stride=(1, 1))
      (swin4): SwinTransformerBlock(
        dim=276, input_resolution=(64, 64), num_heads=6, window_size=16, shift_size=8, mlp_ratio=1
        (norm1): LayerNorm((276,), eps=1e-05, elementwise_affine=True, bias=True)
        (attn): WindowAttention(
          dim=276, window_size=(16, 16), num_heads=6
          (qkv): Linear(in_features=276, out_features=828, bias=True)
          (attn_drop): Dropout(p=0.0, inplace=False)
          (proj): Linear(in_features=276, out_features=276, bias=True)
          (proj_drop): Dropout(p=0.0, inplace=False)
          (softmax): Softmax(dim=-1)
        )
        (drop_path): Identity()
        (norm2): LayerNorm((276,), eps=1e-05, elementwise_affine=True, bias=True)
        (mlp): Mlp(
          (fc1): Linear(in_features=276, out_features=276, bias=True)
          (act): GELU(approximate='none')
          (fc2): Linear(in_features=276, out_features=276, bias=True)
          (drop): Dropout(p=0.0, inplace=False)
        )
      )
      (adjust4): Conv2d(276, 32, kernel_size=(1, 1), stride=(1, 1))
      (swin5): SwinTransformerBlock(
        dim=308, input_resolution=(64, 64), num_heads=4, window_size=16, shift_size=0, mlp_ratio=1
        (norm1): LayerNorm((308,), eps=1e-05, elementwise_affine=True, bias=True)
        (attn): WindowAttention(
          dim=308, window_size=(16, 16), num_heads=4
          (qkv): Linear(in_features=308, out_features=924, bias=True)
          (attn_drop): Dropout(p=0.0, inplace=False)
          (proj): Linear(in_features=308, out_features=308, bias=True)
          (proj_drop): Dropout(p=0.0, inplace=False)
          (softmax): Softmax(dim=-1)
        )
        (drop_path): Identity()
        (norm2): LayerNorm((308,), eps=1e-05, elementwise_affine=True, bias=True)
        (mlp): Mlp(
          (fc1): Linear(in_features=308, out_features=308, bias=True)
          (act): GELU(approximate='none')
          (fc2): Linear(in_features=308, out_features=308, bias=True)
          (drop): Dropout(p=0.0, inplace=False)
        )
      )
      (adjust5): Conv2d(308, 180, kernel_size=(1, 1), stride=(1, 1))
      (lrelu): LeakyReLU(negative_slope=0.2, inplace=True)
      (pe): PatchEmbed()
      (pue): PatchUnEmbed()
    )
    (1-5): 5 x RDG(
      (swin1): SwinTransformerBlock(
        dim=180, input_resolution=(64, 64), num_heads=6, window_size=16, shift_size=0, mlp_ratio=2
        (norm1): LayerNorm((180,), eps=1e-05, elementwise_affine=True, bias=True)
        (attn): WindowAttention(
          dim=180, window_size=(16, 16), num_heads=6
          (qkv): Linear(in_features=180, out_features=540, bias=True)
          (attn_drop): Dropout(p=0.0, inplace=False)
          (proj): Linear(in_features=180, out_features=180, bias=True)
          (proj_drop): Dropout(p=0.0, inplace=False)
          (softmax): Softmax(dim=-1)
        )
        (drop_path): DropPath()
        (norm2): LayerNorm((180,), eps=1e-05, elementwise_affine=True, bias=True)
        (mlp): Mlp(
          (fc1): Linear(in_features=180, out_features=360, bias=True)
          (act): GELU(approximate='none')
          (fc2): Linear(in_features=360, out_features=180, bias=True)
          (drop): Dropout(p=0.0, inplace=False)
        )
      )
      (adjust1): Conv2d(180, 32, kernel_size=(1, 1), stride=(1, 1))
      (swin2): SwinTransformerBlock(
        dim=212, input_resolution=(64, 64), num_heads=4, window_size=16, shift_size=8, mlp_ratio=2
        (norm1): LayerNorm((212,), eps=1e-05, elementwise_affine=True, bias=True)
        (attn): WindowAttention(
          dim=212, window_size=(16, 16), num_heads=4
          (qkv): Linear(in_features=212, out_features=636, bias=True)
          (attn_drop): Dropout(p=0.0, inplace=False)
          (proj): Linear(in_features=212, out_features=212, bias=True)
          (proj_drop): Dropout(p=0.0, inplace=False)
          (softmax): Softmax(dim=-1)
        )
        (drop_path): DropPath()
        (norm2): LayerNorm((212,), eps=1e-05, elementwise_affine=True, bias=True)
        (mlp): Mlp(
          (fc1): Linear(in_features=212, out_features=424, bias=True)
          (act): GELU(approximate='none')
          (fc2): Linear(in_features=424, out_features=212, bias=True)
          (drop): Dropout(p=0.0, inplace=False)
        )
      )
      (adjust2): Conv2d(212, 32, kernel_size=(1, 1), stride=(1, 1))
      (swin3): SwinTransformerBlock(
        dim=244, input_resolution=(64, 64), num_heads=2, window_size=16, shift_size=0, mlp_ratio=2
        (norm1): LayerNorm((244,), eps=1e-05, elementwise_affine=True, bias=True)
        (attn): WindowAttention(
          dim=244, window_size=(16, 16), num_heads=2
          (qkv): Linear(in_features=244, out_features=732, bias=True)
          (attn_drop): Dropout(p=0.0, inplace=False)
          (proj): Linear(in_features=244, out_features=244, bias=True)
          (proj_drop): Dropout(p=0.0, inplace=False)
          (softmax): Softmax(dim=-1)
        )
        (drop_path): DropPath()
        (norm2): LayerNorm((244,), eps=1e-05, elementwise_affine=True, bias=True)
        (mlp): Mlp(
          (fc1): Linear(in_features=244, out_features=488, bias=True)
          (act): GELU(approximate='none')
          (fc2): Linear(in_features=488, out_features=244, bias=True)
          (drop): Dropout(p=0.0, inplace=False)
        )
      )
      (adjust3): Conv2d(244, 32, kernel_size=(1, 1), stride=(1, 1))
      (swin4): SwinTransformerBlock(
        dim=276, input_resolution=(64, 64), num_heads=6, window_size=16, shift_size=8, mlp_ratio=1
        (norm1): LayerNorm((276,), eps=1e-05, elementwise_affine=True, bias=True)
        (attn): WindowAttention(
          dim=276, window_size=(16, 16), num_heads=6
          (qkv): Linear(in_features=276, out_features=828, bias=True)
          (attn_drop): Dropout(p=0.0, inplace=False)
          (proj): Linear(in_features=276, out_features=276, bias=True)
          (proj_drop): Dropout(p=0.0, inplace=False)
          (softmax): Softmax(dim=-1)
        )
        (drop_path): DropPath()
        (norm2): LayerNorm((276,), eps=1e-05, elementwise_affine=True, bias=True)
        (mlp): Mlp(
          (fc1): Linear(in_features=276, out_features=276, bias=True)
          (act): GELU(approximate='none')
          (fc2): Linear(in_features=276, out_features=276, bias=True)
          (drop): Dropout(p=0.0, inplace=False)
        )
      )
      (adjust4): Conv2d(276, 32, kernel_size=(1, 1), stride=(1, 1))
      (swin5): SwinTransformerBlock(
        dim=308, input_resolution=(64, 64), num_heads=4, window_size=16, shift_size=0, mlp_ratio=1
        (norm1): LayerNorm((308,), eps=1e-05, elementwise_affine=True, bias=True)
        (attn): WindowAttention(
          dim=308, window_size=(16, 16), num_heads=4
          (qkv): Linear(in_features=308, out_features=924, bias=True)
          (attn_drop): Dropout(p=0.0, inplace=False)
          (proj): Linear(in_features=308, out_features=308, bias=True)
          (proj_drop): Dropout(p=0.0, inplace=False)
          (softmax): Softmax(dim=-1)
        )
        (drop_path): DropPath()
        (norm2): LayerNorm((308,), eps=1e-05, elementwise_affine=True, bias=True)
        (mlp): Mlp(
          (fc1): Linear(in_features=308, out_features=308, bias=True)
          (act): GELU(approximate='none')
          (fc2): Linear(in_features=308, out_features=308, bias=True)
          (drop): Dropout(p=0.0, inplace=False)
        )
      )
      (adjust5): Conv2d(308, 180, kernel_size=(1, 1), stride=(1, 1))
      (lrelu): LeakyReLU(negative_slope=0.2, inplace=True)
      (pe): PatchEmbed()
      (pue): PatchUnEmbed()
    )
  )
  (norm): LayerNorm((180,), eps=1e-05, elementwise_affine=True, bias=True)
  (conv_after_body): Conv2d(180, 180, kernel_size=(3, 3), stride=(1, 1), padding=(1, 1))
  (conv_before_upsample): Sequential(
    (0): Conv2d(180, 64, kernel_size=(3, 3), stride=(1, 1), padding=(1, 1))
    (1): LeakyReLU(negative_slope=0.01, inplace=True)
  )
  (upsample): Upsample(
    (0): Conv2d(64, 256, kernel_size=(3, 3), stride=(1, 1), padding=(1, 1))
    (1): PixelShuffle(upscale_factor=2)
    (2): Conv2d(64, 256, kernel_size=(3, 3), stride=(1, 1), padding=(1, 1))
    (3): PixelShuffle(upscale_factor=2)
  )
  (conv_last): Conv2d(64, 3, kernel_size=(3, 3), stride=(1, 1), padding=(1, 1))
)
2026-06-18 14:38:15,809 INFO: Use Exponential Moving Average with decay: 0.999
2026-06-18 14:38:16,196 INFO: Network [DRCT] is created.
2026-06-18 14:38:16,420 INFO: Loss [L1Loss] is created.
2026-06-18 14:38:20,443 INFO: Loss [PerceptualLoss] is created.
2026-06-18 14:38:20,466 INFO: Model [DRCTModel] is created.
2026-06-18 14:38:20,625 INFO: Start training from epoch: 0, iter: 0
2026-06-18 14:38:52,322 INFO: [train..][epoch:  0, iter:     100, lr:(2.000e-04,)] [eta: 1 day, 7:35:23, time (data): 0.317 (0.018)] l_pix: 6.9002e-02 l_percep: 1.3715e-01 
2026-06-18 14:39:15,664 INFO: [train..][epoch:  0, iter:     200, lr:(2.000e-04,)] [eta: 1 day, 7:59:36, time (data): 0.275 (0.010)] l_pix: 5.4575e-02 l_percep: 1.1846e-01 
2026-06-18 14:39:39,244 INFO: [train..][epoch:  0, iter:     300, lr:(2.000e-04,)] [eta: 1 day, 8:14:01, time (data): 0.236 (0.002)] l_pix: 5.0947e-02 l_percep: 7.8562e-02 
2026-06-18 14:40:02,849 INFO: [train..][epoch:  0, iter:     400, lr:(2.000e-04,)] [eta: 1 day, 8:21:35, time (data): 0.236 (0.002)] l_pix: 5.0571e-02 l_percep: 9.3302e-02 
2026-06-18 14:40:26,391 INFO: [train..][epoch:  0, iter:     500, lr:(2.000e-04,)] [eta: 1 day, 8:24:55, time (data): 0.235 (0.002)] l_pix: 4.2997e-02 l_percep: 8.6778e-02 
2026-06-18 14:40:49,989 INFO: [train..][epoch:  0, iter:     600, lr:(2.000e-04,)] [eta: 1 day, 8:27:47, time (data): 0.236 (0.002)] l_pix: 3.8589e-02 l_percep: 8.6683e-02 
2026-06-18 14:41:13,872 INFO: [train..][epoch:  0, iter:     700, lr:(2.000e-04,)] [eta: 1 day, 8:33:07, time (data): 0.239 (0.002)] l_pix: 6.9665e-02 l_percep: 1.0663e-01 
2026-06-18 14:41:37,436 INFO: [train..][epoch:  0, iter:     800, lr:(2.000e-04,)] [eta: 1 day, 8:33:42, time (data): 0.237 (0.002)] l_pix: 5.9687e-02 l_percep: 9.0147e-02 
2026-06-18 14:42:02,117 INFO: [train..][epoch:  1, iter:     900, lr:(2.000e-04,)] [eta: 1 day, 8:44:22, time (data): 0.247 (0.013)] l_pix: 3.4181e-02 l_percep: 6.6549e-02 
2026-06-18 14:42:25,742 INFO: [train..][epoch:  1, iter:   1,000, lr:(2.000e-04,)] [eta: 1 day, 8:44:03, time (data): 0.242 (0.008)] l_pix: 4.1821e-02 l_percep: 8.4577e-02 
2026-06-18 14:42:49,432 INFO: [train..][epoch:  1, iter:   1,100, lr:(2.000e-04,)] [eta: 1 day, 8:44:13, time (data): 0.237 (0.002)] l_pix: 4.6440e-02 l_percep: 9.6378e-02 
2026-06-18 14:43:13,114 INFO: [train..][epoch:  1, iter:   1,200, lr:(2.000e-04,)] [eta: 1 day, 8:44:14, time (data): 0.237 (0.002)] l_pix: 4.6401e-02 l_percep: 8.4018e-02 
2026-06-18 14:43:36,857 INFO: [train..][epoch:  1, iter:   1,300, lr:(2.000e-04,)] [eta: 1 day, 8:44:35, time (data): 0.237 (0.002)] l_pix: 5.4144e-02 l_percep: 9.0667e-02 
2026-06-18 14:44:00,544 INFO: [train..][epoch:  1, iter:   1,400, lr:(2.000e-04,)] [eta: 1 day, 8:44:29, time (data): 0.237 (0.002)] l_pix: 5.0605e-02 l_percep: 9.5698e-02 
2026-06-18 14:44:24,224 INFO: [train..][epoch:  1, iter:   1,500, lr:(2.000e-04,)] [eta: 1 day, 8:44:19, time (data): 0.237 (0.002)] l_pix: 5.1022e-02 l_percep: 9.4823e-02 
2026-06-18 14:44:47,970 INFO: [train..][epoch:  1, iter:   1,600, lr:(2.000e-04,)] [eta: 1 day, 8:44:27, time (data): 0.237 (0.002)] l_pix: 4.1451e-02 l_percep: 1.0645e-01 
2026-06-18 14:45:11,701 INFO: [train..][epoch:  1, iter:   1,700, lr:(2.000e-04,)] [eta: 1 day, 8:44:28, time (data): 0.237 (0.002)] l_pix: 4.1710e-02 l_percep: 9.7147e-02 
2026-06-18 14:45:36,613 INFO: [train..][epoch:  2, iter:   1,800, lr:(2.000e-04,)] [eta: 1 day, 8:49:52, time (data): 0.243 (0.008)] l_pix: 4.2029e-02 l_percep: 6.5373e-02 
2026-06-18 14:46:00,221 INFO: [train..][epoch:  2, iter:   1,900, lr:(2.000e-04,)] [eta: 1 day, 8:48:58, time (data): 0.236 (0.002)] l_pix: 5.6733e-02 l_percep: 9.0463e-02 
2026-06-18 14:46:23,947 INFO: [train..][epoch:  2, iter:   2,000, lr:(2.000e-04,)] [eta: 1 day, 8:48:36, time (data): 0.236 (0.002)] l_pix: 7.5632e-02 l_percep: 1.1062e-01 
2026-06-18 14:46:47,637 INFO: [train..][epoch:  2, iter:   2,100, lr:(2.000e-04,)] [eta: 1 day, 8:48:06, time (data): 0.237 (0.002)] l_pix: 3.7476e-02 l_percep: 7.8911e-02 
2026-06-18 14:47:11,312 INFO: [train..][epoch:  2, iter:   2,200, lr:(2.000e-04,)] [eta: 1 day, 8:47:33, time (data): 0.237 (0.002)] l_pix: 3.1887e-02 l_percep: 7.9785e-02 
2026-06-18 14:47:35,121 INFO: [train..][epoch:  2, iter:   2,300, lr:(2.000e-04,)] [eta: 1 day, 8:47:29, time (data): 0.238 (0.002)] l_pix: 3.6393e-02 l_percep: 8.1191e-02 
2026-06-18 14:47:58,979 INFO: [train..][epoch:  2, iter:   2,400, lr:(2.000e-04,)] [eta: 1 day, 8:47:34, time (data): 0.238 (0.002)] l_pix: 3.3094e-02 l_percep: 8.2840e-02 
2026-06-18 14:48:22,955 INFO: [train..][epoch:  2, iter:   2,500, lr:(2.000e-04,)] [eta: 1 day, 8:48:01, time (data): 0.237 (0.002)] l_pix: 3.1224e-02 l_percep: 7.0652e-02 
2026-06-18 14:48:48,067 INFO: [train..][epoch:  3, iter:   2,600, lr:(2.000e-04,)] [eta: 1 day, 8:52:00, time (data): 0.245 (0.009)] l_pix: 3.3228e-02 l_percep: 7.5304e-02 
2026-06-18 14:49:11,833 INFO: [train..][epoch:  3, iter:   2,700, lr:(2.000e-04,)] [eta: 1 day, 8:51:32, time (data): 0.238 (0.002)] l_pix: 5.6904e-02 l_percep: 1.1533e-01 
2026-06-18 14:49:35,603 INFO: [train..][epoch:  3, iter:   2,800, lr:(2.000e-04,)] [eta: 1 day, 8:51:06, time (data): 0.238 (0.002)] l_pix: 4.3913e-02 l_percep: 1.0064e-01 
2026-06-18 14:49:59,389 INFO: [train..][epoch:  3, iter:   2,900, lr:(2.000e-04,)] [eta: 1 day, 8:50:42, time (data): 0.238 (0.002)] l_pix: 5.3970e-02 l_percep: 8.1875e-02 
2026-06-18 14:50:23,085 INFO: [train..][epoch:  3, iter:   3,000, lr:(2.000e-04,)] [eta: 1 day, 8:50:03, time (data): 0.237 (0.002)] l_pix: 2.3860e-02 l_percep: 7.1869e-02 
2026-06-18 14:50:46,878 INFO: [train..][epoch:  3, iter:   3,100, lr:(2.000e-04,)] [eta: 1 day, 8:49:41, time (data): 0.238 (0.002)] l_pix: 3.4764e-02 l_percep: 5.4391e-02 
2026-06-18 14:51:10,659 INFO: [train..][epoch:  3, iter:   3,200, lr:(2.000e-04,)] [eta: 1 day, 8:49:16, time (data): 0.238 (0.002)] l_pix: 6.4076e-02 l_percep: 1.2482e-01 
2026-06-18 14:51:34,408 INFO: [train..][epoch:  3, iter:   3,300, lr:(2.000e-04,)] [eta: 1 day, 8:48:47, time (data): 0.238 (0.002)] l_pix: 1.8712e-02 l_percep: 4.7910e-02 
2026-06-18 14:51:58,145 INFO: [train..][epoch:  3, iter:   3,400, lr:(2.000e-04,)] [eta: 1 day, 8:48:17, time (data): 0.237 (0.002)] l_pix: 5.6183e-02 l_percep: 1.1034e-01 
2026-06-18 14:52:23,008 INFO: [train..][epoch:  4, iter:   3,500, lr:(2.000e-04,)] [eta: 1 day, 8:50:27, time (data): 0.251 (0.016)] l_pix: 3.0268e-02 l_percep: 9.0710e-02 
2026-06-18 14:52:46,926 INFO: [train..][epoch:  4, iter:   3,600, lr:(2.000e-04,)] [eta: 1 day, 8:50:17, time (data): 0.244 (0.008)] l_pix: 5.1575e-02 l_percep: 1.0111e-01 
