2026-06-29 14:56:56,111 INFO: 
                ____                _       _____  ____
               / __ ) ____ _ _____ (_)_____/ ___/ / __ \
              / __  |/ __ `// ___// // ___/\__ \ / /_/ /
             / /_/ // /_/ /(__  )/ // /__ ___/ // _, _/
            /_____/ \__,_//____//_/ \___//____//_/ |_|
     ______                   __   __                 __      __
    / ____/____   ____   ____/ /  / /   __  __ _____ / /__   / /
   / / __ / __ \ / __ \ / __  /  / /   / / / // ___// //_/  / /
  / /_/ // /_/ // /_/ // /_/ /  / /___/ /_/ // /__ / /<    /_/
  \____/ \____/ \____/ \____/  /_____/\____/ \___//_/|_|  (_)
    
Version Information: 
	BasicSR: 0.1.0
	PyTorch: 2.13.0.dev20260513+cu132
	TorchVision: 0.28.0.dev20260514+cu132
2026-06-29 14:56:56,111 INFO: 
  name: ablation_siamese_direct_70_60_120k
  model_type: RealESRGANSiameseModel
  num_gpu: 1
  scale: 4
  manual_seed: 0
  datasets:[
    train:[
      name: TrainSiameseDirect7060
      type: PairedSiameseImageDataset
      phase: train
      dataroot_gt: /data/home/namlh/data/dataset/train
      dataroot_lq_a: /data/home/namlh/data/dataset/train
      dataroot_lq_b: /data/home/namlh/data/dataset/train
      meta_info_file: /data/home/namlh/data/dataset/meta_info/meta_info_triplet_direct_70_60.txt
      io_backend:[
        type: disk
      ]
      gt_size: 256
      max_retry: 3
      use_hflip: True
      use_rot: True
      scale: 4
      color_jitter: True
      blur_prob: 0.1
      noise_prob: 0.05
      num_workers: 6
      use_shuffle: True
      batch_size_per_gpu: 12
      num_worker_per_gpu: 6
      dataset_enlarge_ratio: 1
      prefetch_mode: None
    ]
    val:[
      name: ValSet5
      type: PairedImageDataset
      dataroot_gt: /data/home/namlh/data/benchmark_datasets/Set5/Set5/GTmod12
      dataroot_lq: /data/home/namlh/data/benchmark_datasets/Set5/Set5/LRbicx4
      io_backend:[
        type: disk
      ]
      phase: val
      scale: 4
    ]
  ]
  network_g:[
    type: RRDBNetFeatOut
    num_in_ch: 3
    num_out_ch: 3
    scale: 4
    num_feat: 64
    num_block: 23
    num_grow_ch: 32
    return_intermediate: True
  ]
  network_d:[
    type: UNetDiscriminatorSN
    num_in_ch: 3
    num_feat: 64
  ]
  path:[
    pretrain_network_g: /data/home/namlh/DLEnhance_ImageQuality/Real-ESRGAN/weights/net_g_455000.pth
    param_key_g: params_ema
    strict_load_g: False
    resume_state: None
    experiments_root: /data/home/namlh/DLEnhance_ImageQuality/Real-ESRGAN/experiments/ablation_siamese_direct_70_60_120k
    models: /data/home/namlh/DLEnhance_ImageQuality/Real-ESRGAN/experiments/ablation_siamese_direct_70_60_120k/models
    training_states: /data/home/namlh/DLEnhance_ImageQuality/Real-ESRGAN/experiments/ablation_siamese_direct_70_60_120k/training_states
    log: /data/home/namlh/DLEnhance_ImageQuality/Real-ESRGAN/experiments/ablation_siamese_direct_70_60_120k
    visualization: /data/home/namlh/DLEnhance_ImageQuality/Real-ESRGAN/experiments/ablation_siamese_direct_70_60_120k/visualization
  ]
  train:[
    ema_decay: 0.999
    optim_g:[
      type: Adam
      lr: 0.0001
      weight_decay: 0
      betas: [0.9, 0.999]
    ]
    optim_d:[
      type: Adam
      lr: 0.0001
      weight_decay: 0
      betas: [0.9, 0.999]
    ]
    scheduler:[
      type: MultiStepLR
      milestones: [40000, 80000, 100000]
      gamma: 0.5
    ]
    total_iter: 120000
    warmup_iter: 10000
    pixel_opt:[
      type: L1Loss
      loss_weight: 2.0
      reduction: mean
    ]
    perceptual_opt:[
      type: PerceptualLoss
      layer_weights:[
        conv1_2: 0.1
        conv2_2: 0.1
        conv3_4: 1.0
        conv4_4: 1.0
        conv5_4: 1.0
      ]
      vgg_type: vgg19
      use_input_norm: True
      range_norm: False
      perceptual_weight: 1.2
      style_weight: 1.0
    ]
    gan_opt:[
      type: GANLoss
      gan_type: vanilla
      real_label_val: 1.0
      fake_label_val: 0.0
      loss_weight: 0.5
    ]
    progressive_kd: True
    warmup_kd_iters: 40000
    lambda_kd_out: 0.15
    lambda_kd_feat: 0.15
    lambda_consistency: 0.075
  ]
  val:[
    val_freq: 5000.0
    save_img: True
    metrics:[
      psnr:[
        type: calculate_psnr
        crop_border: 4
        test_y_channel: True
      ]
      ssim:[
        type: calculate_ssim
        crop_border: 4
        test_y_channel: True
      ]
    ]
  ]
  logger:[
    print_freq: 100
    save_checkpoint_freq: 5000.0
    use_tb_logger: True
    wandb:[
      project: None
      resume_id: None
    ]
  ]
  dist_params:[
    backend: nccl
  ]
  dist: False
  rank: 0
  world_size: 1
  auto_resume: False
  is_train: True
  root_path: /data/home/namlh/DLEnhance_ImageQuality/Real-ESRGAN

2026-06-29 14:56:58,133 INFO: Dataset [PairedSiameseImageDataset] - TrainSiameseDirect7060 is built.
2026-06-29 14:56:58,134 INFO: Training statistics:
	Number of train images: 150877
	Dataset enlarge ratio: 1
	Batch size per gpu: 12
	World size (gpu number): 1
	Require iter number per epoch: 12574
	Total epochs: 10; iters: 120000.
2026-06-29 14:56:58,134 INFO: Dataset [PairedImageDataset] - ValSet5 is built.
2026-06-29 14:56:58,134 INFO: Number of val images/folders in ValSet5: 5
2026-06-29 14:56:58,501 INFO: Network [RRDBNetFeatOut] is created.
2026-06-29 14:56:58,956 INFO: Network: RRDBNetFeatOut, with parameters: 16,697,987
2026-06-29 14:56:58,956 INFO: RRDBNetFeatOut(
  (conv_first): Conv2d(3, 64, kernel_size=(3, 3), stride=(1, 1), padding=(1, 1))
  (body): ModuleList(
    (0-22): 23 x RRDB(
      (rdb1): ResidualDenseBlock(
        (conv1): Conv2d(64, 32, kernel_size=(3, 3), stride=(1, 1), padding=(1, 1))
        (conv2): Conv2d(96, 32, kernel_size=(3, 3), stride=(1, 1), padding=(1, 1))
        (conv3): Conv2d(128, 32, kernel_size=(3, 3), stride=(1, 1), padding=(1, 1))
        (conv4): Conv2d(160, 32, kernel_size=(3, 3), stride=(1, 1), padding=(1, 1))
        (conv5): Conv2d(192, 64, kernel_size=(3, 3), stride=(1, 1), padding=(1, 1))
        (lrelu): LeakyReLU(negative_slope=0.2, inplace=True)
      )
      (rdb2): ResidualDenseBlock(
        (conv1): Conv2d(64, 32, kernel_size=(3, 3), stride=(1, 1), padding=(1, 1))
        (conv2): Conv2d(96, 32, kernel_size=(3, 3), stride=(1, 1), padding=(1, 1))
        (conv3): Conv2d(128, 32, kernel_size=(3, 3), stride=(1, 1), padding=(1, 1))
        (conv4): Conv2d(160, 32, kernel_size=(3, 3), stride=(1, 1), padding=(1, 1))
        (conv5): Conv2d(192, 64, kernel_size=(3, 3), stride=(1, 1), padding=(1, 1))
        (lrelu): LeakyReLU(negative_slope=0.2, inplace=True)
      )
      (rdb3): ResidualDenseBlock(
        (conv1): Conv2d(64, 32, kernel_size=(3, 3), stride=(1, 1), padding=(1, 1))
        (conv2): Conv2d(96, 32, kernel_size=(3, 3), stride=(1, 1), padding=(1, 1))
        (conv3): Conv2d(128, 32, kernel_size=(3, 3), stride=(1, 1), padding=(1, 1))
        (conv4): Conv2d(160, 32, kernel_size=(3, 3), stride=(1, 1), padding=(1, 1))
        (conv5): Conv2d(192, 64, kernel_size=(3, 3), stride=(1, 1), padding=(1, 1))
        (lrelu): LeakyReLU(negative_slope=0.2, inplace=True)
      )
    )
  )
  (conv_body): Conv2d(64, 64, kernel_size=(3, 3), stride=(1, 1), padding=(1, 1))
  (conv_up1): Conv2d(64, 64, kernel_size=(3, 3), stride=(1, 1), padding=(1, 1))
  (conv_up2): Conv2d(64, 64, kernel_size=(3, 3), stride=(1, 1), padding=(1, 1))
  (conv_hr): Conv2d(64, 64, kernel_size=(3, 3), stride=(1, 1), padding=(1, 1))
  (conv_last): Conv2d(64, 3, kernel_size=(3, 3), stride=(1, 1), padding=(1, 1))
  (lrelu): LeakyReLU(negative_slope=0.2, inplace=True)
)
2026-06-29 14:56:59,161 INFO: Loading RRDBNetFeatOut model from /data/home/namlh/DLEnhance_ImageQuality/Real-ESRGAN/weights/net_g_455000.pth, with param key: [params_ema].
2026-06-29 14:56:59,230 INFO: Use Exponential Moving Average with decay: 0.999
2026-06-29 14:56:59,535 INFO: Network [RRDBNetFeatOut] is created.
2026-06-29 14:56:59,764 INFO: Loading RRDBNetFeatOut model from /data/home/namlh/DLEnhance_ImageQuality/Real-ESRGAN/weights/net_g_455000.pth, with param key: [params_ema].
2026-06-29 14:56:59,858 INFO: Network [UNetDiscriminatorSN] is created.
2026-06-29 14:56:59,862 INFO: Network: UNetDiscriminatorSN, with parameters: 4,376,897
2026-06-29 14:56:59,862 INFO: UNetDiscriminatorSN(
  (conv0): Conv2d(3, 64, kernel_size=(3, 3), stride=(1, 1), padding=(1, 1))
  (conv1): Conv2d(64, 128, kernel_size=(4, 4), stride=(2, 2), padding=(1, 1), bias=False)
  (conv2): Conv2d(128, 256, kernel_size=(4, 4), stride=(2, 2), padding=(1, 1), bias=False)
  (conv3): Conv2d(256, 512, kernel_size=(4, 4), stride=(2, 2), padding=(1, 1), bias=False)
  (conv4): Conv2d(512, 256, kernel_size=(3, 3), stride=(1, 1), padding=(1, 1), bias=False)
  (conv5): Conv2d(256, 128, kernel_size=(3, 3), stride=(1, 1), padding=(1, 1), bias=False)
  (conv6): Conv2d(128, 64, kernel_size=(3, 3), stride=(1, 1), padding=(1, 1), bias=False)
  (conv7): Conv2d(64, 64, kernel_size=(3, 3), stride=(1, 1), padding=(1, 1), bias=False)
  (conv8): Conv2d(64, 64, kernel_size=(3, 3), stride=(1, 1), padding=(1, 1), bias=False)
  (conv9): Conv2d(64, 1, kernel_size=(3, 3), stride=(1, 1), padding=(1, 1))
)
2026-06-29 14:56:59,864 INFO: Loss [L1Loss] is created.
2026-06-29 14:57:01,295 INFO: Loss [PerceptualLoss] is created.
2026-06-29 14:57:01,314 INFO: Loss [GANLoss] is created.
2026-06-29 14:57:01,325 INFO: Model [RealESRGANSiameseModel] is created.
2026-06-29 14:57:01,536 INFO: Start training from epoch: 0, iter: 0
